2026-04-06 13:33:54,973 INFO o.t.i.Utils [main] [TestNG] Running:
  Command line suite

2026-04-06 13:33:55,646 WARN i.g.b.w.WebDriverManager [main] There was an error managing chromedriver (latest version) (Exception reading resolution cache as a properties file) ... trying again using latest driver stored in cache
2026-04-06 13:33:55,663 ERROR i.g.b.w.WebDriverManager [main] There was an error managing chromedriver (latest version) (Exception reading resolution cache as a properties file)
io.github.bonigarcia.wdm.config.WebDriverManagerException: Exception reading resolution cache as a properties file
	at io.github.bonigarcia.wdm.cache.ResolutionCache.<init>(ResolutionCache.java:86) ~[webdrivermanager-5.7.0.jar:?]
	at io.github.bonigarcia.wdm.WebDriverManager.lambda$getResolutionCache$2(WebDriverManager.java:1638) ~[webdrivermanager-5.7.0.jar:?]
	at java.base/java.util.Optional.orElseGet(Optional.java:364) ~[?:?]
	at io.github.bonigarcia.wdm.WebDriverManager.getResolutionCache(WebDriverManager.java:1637) ~[webdrivermanager-5.7.0.jar:?]
	at io.github.bonigarcia.wdm.WebDriverManager.useResolutionCacheWithKey(WebDriverManager.java:1360) ~[webdrivermanager-5.7.0.jar:?]
	at io.github.bonigarcia.wdm.WebDriverManager.getValueFromResolutionCache(WebDriverManager.java:1305) ~[webdrivermanager-5.7.0.jar:?]
	at io.github.bonigarcia.wdm.WebDriverManager.resolveDriverVersion(WebDriverManager.java:1200) [webdrivermanager-5.7.0.jar:?]
	at io.github.bonigarcia.wdm.WebDriverManager.manage(WebDriverManager.java:1154) [webdrivermanager-5.7.0.jar:?]
	at io.github.bonigarcia.wdm.WebDriverManager.fallback(WebDriverManager.java:1430) [webdrivermanager-5.7.0.jar:?]
	at io.github.bonigarcia.wdm.WebDriverManager.handleException(WebDriverManager.java:1408) [webdrivermanager-5.7.0.jar:?]
	at io.github.bonigarcia.wdm.WebDriverManager.manage(WebDriverManager.java:1189) [webdrivermanager-5.7.0.jar:?]
	at io.github.bonigarcia.wdm.WebDriverManager.setup(WebDriverManager.java:426) [webdrivermanager-5.7.0.jar:?]
	at factory.DriverFactory.initDriver(DriverFactory.java:66) [test-classes/:?]
	at factory.DriverFactory.initDriver(DriverFactory.java:41) [test-classes/:?]
	at base.BaseTest.initializeDriverSession(BaseTest.java:38) [test-classes/:?]
	at base.BaseTest.setup(BaseTest.java:30) [test-classes/:?]
	at tests.PlayerTests.setup(PlayerTests.java:24) [test-classes/:?]
	at java.base/jdk.internal.reflect.DirectMethodHandleAccessor.invoke(DirectMethodHandleAccessor.java:104) ~[?:?]
	at java.base/java.lang.reflect.Method.invoke(Method.java:565) ~[?:?]
	at org.testng.internal.invokers.MethodInvocationHelper.invokeMethod(MethodInvocationHelper.java:139) [testng-7.9.0.jar:7.9.0]
	at org.testng.internal.invokers.MethodInvocationHelper.invokeMethodConsideringTimeout(MethodInvocationHelper.java:69) [testng-7.9.0.jar:7.9.0]
	at org.testng.internal.invokers.ConfigInvoker.invokeConfigurationMethod(ConfigInvoker.java:393) [testng-7.9.0.jar:7.9.0]
	at org.testng.internal.invokers.ConfigInvoker.invokeConfigurations(ConfigInvoker.java:326) [testng-7.9.0.jar:7.9.0]
	at org.testng.internal.invokers.TestInvoker.runConfigMethods(TestInvoker.java:810) [testng-7.9.0.jar:7.9.0]
	at org.testng.internal.invokers.TestInvoker.invokeMethod(TestInvoker.java:578) [testng-7.9.0.jar:7.9.0]
	at org.testng.internal.invokers.TestInvoker.invokeTestMethod(TestInvoker.java:228) [testng-7.9.0.jar:7.9.0]
	at org.testng.internal.invokers.MethodRunner.runInSequence(MethodRunner.java:63) [testng-7.9.0.jar:7.9.0]
	at org.testng.internal.invokers.TestInvoker$MethodInvocationAgent.invoke(TestInvoker.java:961) [testng-7.9.0.jar:7.9.0]
	at org.testng.internal.invokers.TestInvoker.invokeTestMethods(TestInvoker.java:201) [testng-7.9.0.jar:7.9.0]
	at org.testng.internal.invokers.TestMethodWorker.invokeTestMethods(TestMethodWorker.java:148) [testng-7.9.0.jar:7.9.0]
	at org.testng.internal.invokers.TestMethodWorker.run(TestMethodWorker.java:128) [testng-7.9.0.jar:7.9.0]
	at java.base/java.util.ArrayList.forEach(ArrayList.java:1604) [?:?]
	at org.testng.TestRunner.privateRun(TestRunner.java:819) [testng-7.9.0.jar:7.9.0]
	at org.testng.TestRunner.run(TestRunner.java:619) [testng-7.9.0.jar:7.9.0]
	at org.testng.SuiteRunner.runTest(SuiteRunner.java:443) [testng-7.9.0.jar:7.9.0]
	at org.testng.SuiteRunner.runSequentially(SuiteRunner.java:437) [testng-7.9.0.jar:7.9.0]
	at org.testng.SuiteRunner.privateRun(SuiteRunner.java:397) [testng-7.9.0.jar:7.9.0]
	at org.testng.SuiteRunner.run(SuiteRunner.java:336) [testng-7.9.0.jar:7.9.0]
	at org.testng.SuiteRunnerWorker.runSuite(SuiteRunnerWorker.java:52) [testng-7.9.0.jar:7.9.0]
	at org.testng.SuiteRunnerWorker.run(SuiteRunnerWorker.java:95) [testng-7.9.0.jar:7.9.0]
	at org.testng.TestNG.runSuitesSequentially(TestNG.java:1301) [testng-7.9.0.jar:7.9.0]
	at org.testng.TestNG.runSuitesLocally(TestNG.java:1228) [testng-7.9.0.jar:7.9.0]
	at org.testng.TestNG.runSuites(TestNG.java:1134) [testng-7.9.0.jar:7.9.0]
	at org.testng.TestNG.run(TestNG.java:1101) [testng-7.9.0.jar:7.9.0]
	at org.testng.TestNG.privateMain(TestNG.java:1461) [testng-7.9.0.jar:7.9.0]
	at org.testng.TestNG.main(TestNG.java:1425) [testng-7.9.0.jar:7.9.0]
Caused by: java.io.IOException: The system cannot find the path specified
	at java.base/java.io.WinNTFileSystem.createFileExclusively0(Native Method) ~[?:?]
	at java.base/java.io.WinNTFileSystem.createFileExclusively(WinNTFileSystem.java:542) ~[?:?]
	at java.base/java.io.File.createNewFile(File.java:949) ~[?:?]
	at io.github.bonigarcia.wdm.cache.ResolutionCache.<init>(ResolutionCache.java:75) ~[webdrivermanager-5.7.0.jar:?]
	... 45 more
2026-04-06 13:33:55,975 WARN i.g.b.w.WebDriverManager [main] There was an error managing chromedriver (latest version) (Exception reading resolution cache as a properties file) ... trying again using latest driver stored in cache
2026-04-06 13:33:56,034 ERROR i.g.b.w.WebDriverManager [main] There was an error managing chromedriver (latest version) (Exception reading resolution cache as a properties file)
io.github.bonigarcia.wdm.config.WebDriverManagerException: Exception reading resolution cache as a properties file
	at io.github.bonigarcia.wdm.cache.ResolutionCache.<init>(ResolutionCache.java:86) ~[webdrivermanager-5.7.0.jar:?]
	at io.github.bonigarcia.wdm.WebDriverManager.lambda$getResolutionCache$2(WebDriverManager.java:1638) ~[webdrivermanager-5.7.0.jar:?]
	at java.base/java.util.Optional.orElseGet(Optional.java:364) ~[?:?]
	at io.github.bonigarcia.wdm.WebDriverManager.getResolutionCache(WebDriverManager.java:1637) ~[webdrivermanager-5.7.0.jar:?]
	at io.github.bonigarcia.wdm.WebDriverManager.useResolutionCacheWithKey(WebDriverManager.java:1360) ~[webdrivermanager-5.7.0.jar:?]
	at io.github.bonigarcia.wdm.WebDriverManager.getValueFromResolutionCache(WebDriverManager.java:1305) ~[webdrivermanager-5.7.0.jar:?]
	at io.github.bonigarcia.wdm.WebDriverManager.resolveDriverVersion(WebDriverManager.java:1200) [webdrivermanager-5.7.0.jar:?]
	at io.github.bonigarcia.wdm.WebDriverManager.manage(WebDriverManager.java:1154) [webdrivermanager-5.7.0.jar:?]
	at io.github.bonigarcia.wdm.WebDriverManager.fallback(WebDriverManager.java:1430) [webdrivermanager-5.7.0.jar:?]
	at io.github.bonigarcia.wdm.WebDriverManager.handleException(WebDriverManager.java:1408) [webdrivermanager-5.7.0.jar:?]
	at io.github.bonigarcia.wdm.WebDriverManager.manage(WebDriverManager.java:1189) [webdrivermanager-5.7.0.jar:?]
	at io.github.bonigarcia.wdm.WebDriverManager.setup(WebDriverManager.java:426) [webdrivermanager-5.7.0.jar:?]
	at factory.DriverFactory.initDriver(DriverFactory.java:66) [test-classes/:?]
	at factory.DriverFactory.initDriver(DriverFactory.java:41) [test-classes/:?]
	at base.BaseTest.initializeDriverSession(BaseTest.java:38) [test-classes/:?]
	at base.BaseTest.setup(BaseTest.java:30) [test-classes/:?]
	at tests.PlayerTests.setup(PlayerTests.java:24) [test-classes/:?]
	at java.base/jdk.internal.reflect.DirectMethodHandleAccessor.invoke(DirectMethodHandleAccessor.java:104) ~[?:?]
	at java.base/java.lang.reflect.Method.invoke(Method.java:565) ~[?:?]
	at org.testng.internal.invokers.MethodInvocationHelper.invokeMethod(MethodInvocationHelper.java:139) [testng-7.9.0.jar:7.9.0]
	at org.testng.internal.invokers.MethodInvocationHelper.invokeMethodConsideringTimeout(MethodInvocationHelper.java:69) [testng-7.9.0.jar:7.9.0]
	at org.testng.internal.invokers.ConfigInvoker.invokeConfigurationMethod(ConfigInvoker.java:393) [testng-7.9.0.jar:7.9.0]
	at org.testng.internal.invokers.ConfigInvoker.invokeConfigurations(ConfigInvoker.java:326) [testng-7.9.0.jar:7.9.0]
	at org.testng.internal.invokers.TestInvoker.runConfigMethods(TestInvoker.java:810) [testng-7.9.0.jar:7.9.0]
	at org.testng.internal.invokers.TestInvoker.invokeMethod(TestInvoker.java:578) [testng-7.9.0.jar:7.9.0]
	at org.testng.internal.invokers.TestInvoker.invokeTestMethod(TestInvoker.java:228) [testng-7.9.0.jar:7.9.0]
	at org.testng.internal.invokers.MethodRunner.runInSequence(MethodRunner.java:63) [testng-7.9.0.jar:7.9.0]
	at org.testng.internal.invokers.TestInvoker$MethodInvocationAgent.invoke(TestInvoker.java:961) [testng-7.9.0.jar:7.9.0]
	at org.testng.internal.invokers.TestInvoker.invokeTestMethods(TestInvoker.java:201) [testng-7.9.0.jar:7.9.0]
	at org.testng.internal.invokers.TestMethodWorker.invokeTestMethods(TestMethodWorker.java:148) [testng-7.9.0.jar:7.9.0]
	at org.testng.internal.invokers.TestMethodWorker.run(TestMethodWorker.java:128) [testng-7.9.0.jar:7.9.0]
	at java.base/java.util.ArrayList.forEach(ArrayList.java:1604) [?:?]
	at org.testng.TestRunner.privateRun(TestRunner.java:819) [testng-7.9.0.jar:7.9.0]
	at org.testng.TestRunner.run(TestRunner.java:619) [testng-7.9.0.jar:7.9.0]
	at org.testng.SuiteRunner.runTest(SuiteRunner.java:443) [testng-7.9.0.jar:7.9.0]
	at org.testng.SuiteRunner.runSequentially(SuiteRunner.java:437) [testng-7.9.0.jar:7.9.0]
	at org.testng.SuiteRunner.privateRun(SuiteRunner.java:397) [testng-7.9.0.jar:7.9.0]
	at org.testng.SuiteRunner.run(SuiteRunner.java:336) [testng-7.9.0.jar:7.9.0]
	at org.testng.SuiteRunnerWorker.runSuite(SuiteRunnerWorker.java:52) [testng-7.9.0.jar:7.9.0]
	at org.testng.SuiteRunnerWorker.run(SuiteRunnerWorker.java:95) [testng-7.9.0.jar:7.9.0]
	at org.testng.TestNG.runSuitesSequentially(TestNG.java:1301) [testng-7.9.0.jar:7.9.0]
	at org.testng.TestNG.runSuitesLocally(TestNG.java:1228) [testng-7.9.0.jar:7.9.0]
	at org.testng.TestNG.runSuites(TestNG.java:1134) [testng-7.9.0.jar:7.9.0]
	at org.testng.TestNG.run(TestNG.java:1101) [testng-7.9.0.jar:7.9.0]
	at org.testng.TestNG.privateMain(TestNG.java:1461) [testng-7.9.0.jar:7.9.0]
	at org.testng.TestNG.main(TestNG.java:1425) [testng-7.9.0.jar:7.9.0]
Caused by: java.io.IOException: The system cannot find the path specified
	at java.base/java.io.WinNTFileSystem.createFileExclusively0(Native Method) ~[?:?]
	at java.base/java.io.WinNTFileSystem.createFileExclusively(WinNTFileSystem.java:542) ~[?:?]
	at java.base/java.io.File.createNewFile(File.java:949) ~[?:?]
	at io.github.bonigarcia.wdm.cache.ResolutionCache.<init>(ResolutionCache.java:75) ~[webdrivermanager-5.7.0.jar:?]
	... 45 more
2026-04-06 13:45:37,312 INFO o.t.i.Utils [main] [TestNG] Running:
  Command line suite

2026-04-06 13:45:39,900 INFO i.g.b.w.WebDriverManager [main] Using chromedriver 146.0.7680.165 (resolved driver for Chrome 146)
2026-04-06 13:45:40,043 INFO i.g.b.w.o.Downloader [main] Downloading https://storage.googleapis.com/chrome-for-testing-public/146.0.7680.165/win64/chromedriver-win64.zip
2026-04-06 13:45:41,695 INFO i.g.b.w.o.Downloader [main] Extracting driver from compressed file chromedriver-win64.zip
2026-04-06 13:45:41,980 INFO i.g.b.w.WebDriverManager [main] Exporting webdriver.chrome.driver as C:\Users\Safwan Shaikh\eclipse-workspace\Prioritywise-TestCases\.wdm\chromedriver\win64\146.0.7680.165\chromedriver.exe
2026-04-06 13:46:45,807 INFO i.g.b.w.WebDriverManager [main] Using chromedriver 146.0.7680.165 (resolved driver for Chrome 146)
2026-04-06 13:46:45,827 INFO i.g.b.w.WebDriverManager [main] Exporting webdriver.chrome.driver as .wdm\chromedriver\win64\146.0.7680.165\chromedriver.exe
